C51 COMPILER V9.52.0.0   FLOW                                                              04/20/2020 18:11:01 PAGE 1   


C51 COMPILER V9.52.0.0, COMPILATION OF MODULE FLOW
OBJECT MODULE PLACED IN flow.OBJ
COMPILER INVOKED BY: D:\Program Files (x86)\µ¥Æ¬»ú\Keil\C51\BIN\C51.EXE flow.c BROWSE DEBUG OBJECTEXTEND TABS(2)

line level    source

   1          #include <reg52.h>
   2          #define unint unsigned int
   3          #define unchart unsigned char
   4          void delayed(unint z);
   5          main()
   6          {
   7   1        while (1)
   8   1        {
   9   2        P1 = 0xfe;
  10   2        delayed(500);
  11   2        P1 = 0xfd;
  12   2        delayed(500);
  13   2        P1 = 0xfb;
  14   2        delayed(500);
  15   2        P1 = 0xf7;
  16   2        delayed(500);
  17   2        P1 = 0xef;
  18   2        delayed(500);
  19   2        P1 = 0xdf;
  20   2        delayed(500);
  21   2        P1 = 0xbf;
  22   2        delayed(500);
  23   2        P1 = 0x7f;
  24   2        delayed(500);
  25   2        }
  26   1        
  27   1      }
  28          void delayed(unint z) {
  29   1        unint x, y;
  30   1        for (x=0;x<z;x++)
  31   1        {
  32   2          for (y = 0; y < 110;y++);
  33   2        }
  34   1      
  35   1      }


MODULE INFORMATION:   STATIC OVERLAYABLE
   CODE SIZE        =     86    ----
   CONSTANT SIZE    =   ----    ----
   XDATA SIZE       =   ----    ----
   PDATA SIZE       =   ----    ----
   DATA SIZE        =   ----    ----
   IDATA SIZE       =   ----    ----
   BIT SIZE         =   ----    ----
END OF MODULE INFORMATION.


C51 COMPILATION COMPLETE.  0 WARNING(S),  0 ERROR(S)
