C51 COMPILER V9.52.0.0   KEY                                                               06/10/2020 07:46:16 PAGE 1   


C51 COMPILER V9.52.0.0, COMPILATION OF MODULE KEY
OBJECT MODULE PLACED IN key.OBJ
COMPILER INVOKED BY: D:\Program Files (x86)\单片机\Keil\C51\BIN\C51.EXE key.c BROWSE DEBUG OBJECTEXTEND TABS(2)

line level    source

   1          /*******************************************************************************
   2          * 实 验 名     : 左右流水灯实验
   3          * 使用的IO       : P2
   4          * 实验效果       : 点亮的LED从右边往左边移动，到达左边再往右边移动，依此循环。
   5          * 注    意     ：
   6          *******************************************************************************/
   7          #include<reg52.h>
   8          #include<intrins.h>   //因为要用到左右移函数，所以加入这个头文件         
   9          
  10          #define GPIO_LED P1   //将P1口另外取名为GPIO_LED
  11          #define K1 P2^0   //将P0.1口另外取名为K1 功能LED右移
  12          #define K2 P2^1   //将P0.3口另外取名为K2 功能LED左移
  13          #define K3 P2^2 //将P0.5口另外取名为K3 功能LED熄灭
  14          #define K4 P2^3   //将P0.7口另外取名为K4 功能LED爆闪
  15          
  16          void IntConfiguration();
  17          void Delay50us();
  18          void Delay10ms(unsigned int c);   //误差 0us
  19          void CrolLed(); //左移LED
  20          void CrorLed(); //右移LED
  21          void DestroyLed(); //LED熄灭
  22          void StrobeLed(); //LED爆闪
  23          void ChangeKey();
  24          unsigned char KeyValue = 3;
  25          unsigned int InitLed = 0xfe;
  26          unsigned int FullBright = 0x00;
  27          unsigned int FullDestroy = 0xff;
  28          /*******************************************************************************
  29          * 函 数 名       : main
  30          * 函数功能     : 主函数
  31          * 输    入       : 无
  32          * 输    出       : 无
  33          *******************************************************************************/
  34          
  35          void main(void)
  36          {
  37   1        GPIO_LED = InitLed;
  38   1        IntConfiguration();
  39   1        P2 = 0xff;
  40   1        while (1)
  41   1        {
  42   2          GPIO_LED = InitLed;
  43   2          switch (KeyValue)
  44   2          {
  45   3          case 1:CrorLed(); break;
  46   3          case 2:CrolLed(); break;
  47   3          case 3:DestroyLed(); break;
  48   3          case 4:StrobeLed(); break;
  49   3          default:GPIO_LED = FullDestroy;
  50   3            break;
  51   3          }
  52   2        }
  53   1      }
  54          void DestroyLed()
  55          {
C51 COMPILER V9.52.0.0   KEY                                                               06/10/2020 07:46:16 PAGE 2   

  56   1          GPIO_LED = FullDestroy;
  57   1          Delay10ms(50);
  58   1      
  59   1      }
  60          void StrobeLed()
  61          {
  62   1        while (KeyValue == 4) {
  63   2          GPIO_LED = FullBright;
  64   2          Delay10ms(50);
  65   2          GPIO_LED = FullDestroy;
  66   2          Delay10ms(50);
  67   2        }
  68   1      }
  69          void CrorLed()
  70          {
  71   1        unsigned char n;
  72   1        for (n = 0; n < 8 && KeyValue == 1; n++)               //右移7次，这样子就会到达最右边
  73   1        {
  74   2          GPIO_LED = _cror_(GPIO_LED, 1); //将GPIO_LED右移一位
  75   2          Delay10ms(50);                //延时
  76   2        }
  77   1      }
  78          void CrolLed()
  79          {
  80   1        unsigned char n;
  81   1        for (n = 0; n < 8 && KeyValue == 2; n++)             //左移7次，这样子就会到达最左边
  82   1        {
  83   2          GPIO_LED = _crol_(GPIO_LED, 1); //将GPIO_LED左移一位
  84   2          Delay10ms(50);               //延时
  85   2        }
  86   1      
  87   1      }
  88          /*******************************************************************************
  89          * 函 数 名         : Delay10ms
  90          * 函数功能       : 延时函数，延时10ms
  91          * 输    入         : 无
  92          * 输    出         : 无
  93          *******************************************************************************/
  94          void Delay10ms(unsigned int c)   //误差 0us
  95          {
  96   1        unsigned char a, b;
  97   1        for (; c > 0; c--)
  98   1          for (b = 38; b > 0; b--)
  99   1            for (a = 130; a > 0; a--);
 100   1      }
 101          /*******************************************************************************
 102          * 函 数 名         : IntConfiguration()
 103          * 函数功能       : 设置外部中断
 104          * 输    入         : 无
 105          * 输    出         : 无
 106          *******************************************************************************/
 107          void IntConfiguration()
 108          {
 109   1        //设置INT1
 110   1        IT1 = 1;//跳变沿出发方式（上升沿）
 111   1        EX1 = 1;//打开INT1的中断允许。
 112   1        EA = 1;//打开总中断 
 113   1      }
 114          /*******************************************************************************
 115          * 函 数 名         : Delay(unsigned int n)
 116          * 函数功能       : 延时
 117          * 输    入         : n
C51 COMPILER V9.52.0.0   KEY                                                               06/10/2020 07:46:16 PAGE 3   

 118          * 输    出         : 无
 119          *******************************************************************************/
 120          
 121          void Delay50us()   //延时50us误差 0us
 122          {
 123   1        unsigned char a, b, n;
 124   1        for (n = 1; n > 0; n--)
 125   1        {
 126   2          for (b = 1; b > 0; b--)
 127   2            for (a = 22; a > 0; a--);
 128   2        }
 129   1      }
 130          
 131          void ChangeKey()
 132          {
 133   1        P2 = 0xff;
 134   1        Delay50us();    //延时消抖
 135   1        if (P2 == 0xff) {
 136   2          KeyValue = 3;
 137   2        }
 138   1        if (P2 == 0xfe)
 139   1        {
 140   2          KeyValue = 1;
 141   2        }
 142   1        if (P2 == 0xfd)
 143   1        { 
 144   2          KeyValue = 2;
 145   2        }
 146   1        if (P2 == 0xfb)
 147   1        {
 148   2          KeyValue = 3;
 149   2        }
 150   1        if (P2 == 0xf7)
 151   1        {
 152   2          KeyValue = 4;
 153   2        }
 154   1      }
 155          /*******************************************************************************
 156          * 函 数 名         : Int1() interrupt 1
 157          * 函数功能       : 外部中断1的中断函数
 158          * 输    入         : 无
 159          * 输    出         : 无
 160          *******************************************************************************/
 161          
 162          void Int1() interrupt 2   //外部中断1的中断函数
 163          {
 164   1        EA = 0;
 165   1        ChangeKey();
 166   1        EA = 1;//打开总中断 
 167   1      }


MODULE INFORMATION:   STATIC OVERLAYABLE
   CODE SIZE        =    276    ----
   CONSTANT SIZE    =   ----    ----
   XDATA SIZE       =   ----    ----
   PDATA SIZE       =   ----    ----
   DATA SIZE        =      7       2
   IDATA SIZE       =   ----    ----
   BIT SIZE         =   ----    ----
END OF MODULE INFORMATION.


C51 COMPILATION COMPLETE.  0 WARNING(S),  0 ERROR(S)
